epoch,acc,loss,val_acc,val_loss
0,0.32097948376688695,1.7987589338172993,0.3870158812280783,1.7158811258286546
1,0.40920965549834465,1.5766163443426149,0.42128726678718,1.538445751691602
2,0.4559894109881781,1.4566061673457855,0.46865422025169295,1.4459898548642385
3,0.47984952450820056,1.3810599795943779,0.5002786302074944,1.333018804026633
4,0.5010623845869215,1.3320589676484313,0.49414878776392984,1.3770384001977665
5,0.5169807377373637,1.2916905605422195,0.5280022278581697,1.2990173983205224
6,0.526873105984255,1.2615752599926062,0.5289774288221732,1.2410213114674558
7,0.5339788916409213,1.2382902165117622,0.5392867065582079,1.2255001252459496
8,0.5428959560052135,1.2129029733907375,0.5551685697024631,1.1868771535834086
9,0.5560625587421059,1.1934970757144843,0.5433268279758925,1.1983371097402475
10,0.5528928210499552,1.1800001733475558,0.5431875125649049,1.2110869657133043
11,0.5607300846050757,1.1705775063398876,0.5682641355340013,1.148421234076785
12,0.5664774112481509,1.152643151997299,0.5664530499387033,1.1787431682508016
13,0.5744888362306019,1.1394515044990057,0.5565617132125441,1.1680385163149882
14,0.5733393709331293,1.135658630964678,0.5660351038593607,1.1673812088892632
15,0.5804799888723551,1.1183720887768227,0.5470883217976266,1.2511969509812975
16,0.5826744226383073,1.1126494417245694,0.5370576747299469,1.2161556915524079
17,0.5857396635097697,1.107407929398281,0.5717470014525443,1.1346156222304118
18,0.5892577240545053,1.0944163645109815,0.5692393395704093,1.1597170439577593
19,0.590999338170022,1.0926472794329045,0.5794093012809753,1.1256280784139927
20,0.5975129750294057,1.081898062442337,0.5879074938825726,1.1019919290370548
21,0.5931241074061501,1.079794839767292,0.5833101080557734,1.1127370002957964
22,0.602459159173613,1.0695940765153111,0.6008637469146669,1.0841055039278011
23,0.6040962764539084,1.061606346965023,0.6058790708325573,1.0688819507348168
24,0.603260301610196,1.0622622094070813,0.5929228159570202,1.1003959142055708
25,0.6088334668467024,1.0499065798973024,0.597938141564733,1.0787211035944753
26,0.6109582360973635,1.0505437137602331,0.589439950499338,1.09277700917008
27,0.6101919258457602,1.0446132099604781,0.5964056809538418,1.1291163016840355
28,0.608136821210046,1.043819306067752,0.5938980173818844,1.1057925970898461
29,0.6139538124037069,1.0325690849168934,0.5948732197284698,1.0866243157190145
30,0.6144414643678443,1.0347790760764584,0.5847032569425622,1.1345488284666514
31,0.6133616635669772,1.0297364530454065,0.5693786534451947,1.1735219187343244
32,0.6182730154348535,1.0217099782960402,0.5823349073990104,1.1496458600476844
33,0.6199101327089204,1.018614746563495,0.6079687898613743,1.0554445066402869
34,0.622870876753466,1.0089207228799073,0.5966843105468553,1.1027693364423574
35,0.6230102058359521,1.012371110583536,0.5940373337145933,1.1391564622982262
36,0.6231495350222465,1.0075129815983113,0.5976595110499981,1.0916418067573272
37,0.6233585287030702,1.010855798813246,0.5767623232197516,1.1415108685026463
38,0.6281305514137184,1.0005981499027061,0.6114516548581959,1.066378660115999
39,0.6281305513576619,0.9978226125894318,0.587350232853103,1.1138753801891483
40,0.6286878678786135,0.9928908257894853,0.6081081045042608,1.0752232400412411
41,0.631474450512438,0.9900672910828763,0.6166062912682897,1.0380150580529086
42,0.6328677417857507,0.9893171548274514,0.6189746409654617,1.0315605140838426
43,0.6325890835667982,0.9860596834062355,0.6111730248043218,1.0635194815311235
44,0.6382667456385259,0.9807656048698615,0.6058790714470381,1.0579542950871064
45,0.6335992197755561,0.9781242688873386,0.6069935867466878,1.0645811791272508
46,0.6385105715686905,0.9726160735544845,0.6118695981723746,1.0567619376575823
47,0.6380925841904338,0.9776593909591977,0.6248258536623925,1.049079206493712
48,0.6401476888552143,0.9683853991311763,0.6128448000580994,1.0456282210718726
49,0.6399386951806192,0.9696348345434576,0.6068542730255225,1.0632686811624115
50,0.6393813786658961,0.9699245012434736,0.6108943959794093,1.0687746430180736
51,0.6467309902859455,0.9615568358711557,0.5958484234576372,1.0963740517798157
52,0.6405308440111204,0.9628001159334254,0.6168849223975054,1.043986249830305
53,0.6369431188597425,0.9689844108108708,0.6188353275515369,1.0359424186736037
54,0.6440837368114253,0.9590266587579839,0.6056004410859236,1.056897921046031
55,0.6473579713657875,0.9543884549109705,0.6135413712754691,1.0900645246825267
56,0.6472534745181091,0.9517689410901633,0.6209250453513923,1.0292176976031864
57,0.6489254240456692,0.9477863437064186,0.6125661703114657,1.0639883335103695
58,0.6479501201340039,0.950245924051862,0.6186960098362461,1.0509065199144108
59,0.6477062941976108,0.9490455772407609,0.6192532696367539,1.0448746874774855
60,0.647044480843514,0.9486749147919553,0.6097798776073554,1.0691659364503683
61,0.6465916611349459,0.9449545900406203,0.5898578967323008,1.118841858561506
62,0.6502490508535189,0.9453019435521415,0.6093619353685182,1.0544101884684611
63,0.6499703925369866,0.9413404830625145,0.621900247237117,1.0129848147175975
64,0.6509108641930826,0.9372679099127592,0.6135413752695948,1.0532608477725196
65,0.6553345641072024,0.9372028395351378,0.6189746385075382,1.0408569429953074
66,0.655473893208374,0.9316129838458224,0.6203677881624281,1.0344643002932834
67,0.6538019436039958,0.9370615333925989,0.5933407620363629,1.1046512827430803
68,0.6526176460177353,0.9372096524027149,0.6160490374589703,1.078739676893372
69,0.6546727506679827,0.9292609331571196,0.6186960119869291,1.0440374784862871
70,0.6575638301557141,0.9246031606810656,0.6175814949974572,1.0608070760043626
71,0.6557525514574309,0.9273107796777664,0.5626915539662862,1.1777982509013303
72,0.656205371142123,0.9240378617426499,0.6198105285155404,1.052073069761709
73,0.6578076561336305,0.9239173815676343,0.6209250447369113,1.0321406725141191
74,0.661256052113247,0.9196617832095476,0.6207857307085057,1.0242916053717899
75,0.6568323522281936,0.9246111464203951,0.6143772614370916,1.0566565627904283
76,0.657912153008299,0.9186856491512804,0.60699358828289,1.0553656625993473
77,0.6611167229830092,0.9161078194896897,0.6313736392665155,1.0064607287190623
78,0.6578424884016567,0.9185792685111466,0.6232933933587418,1.030970507368599
79,0.6609425615286885,0.9118637292751919,0.6198105305126033,1.0429907760669275
80,0.6603852450284985,0.9159156026758493,0.6173028635610011,1.0412169043550785
81,0.6632763245162299,0.909479778555976,0.6308163771617044,1.032473223725545
82,0.6629280016345785,0.9112776903162897,0.6276121452911613,1.0181445746692186
83,0.6606987355777623,0.912401896998976,0.6238506490115038,1.0324643518506866
84,0.6621268591357107,0.9108924568249617,0.631512950376137,1.0082160025527798
85,0.6692326448193671,0.899937272316826,0.6273335166198691,1.0251364222506887
86,0.662997666205926,0.9112318884953091,0.6142379447971422,1.0708288292294925
87,0.664599951218195,0.9045049660075208,0.6184173831620168,1.0305007582472772
88,0.6664808944701783,0.900307874012867,0.6192532690222731,1.0448602422611
89,0.66547075833201,0.9011590432263686,0.6270548853370332,1.0244428669054484
90,0.6674561984233669,0.9018424281780322,0.6273335130866041,1.041793738443827
91,0.6703472778550418,0.8953116861683243,0.6241292816769216,1.0405594589783973
92,0.6683618377699133,0.8950295989788033,0.6347171867016664,1.0044247234605022
93,0.6669337141289183,0.8979416984351453,0.6266369430981961,1.0280220287362325
94,0.667212372424689,0.8985323893280213,0.6209250448905316,1.04656097938105
95,0.6681180117359405,0.8938461617764237,0.6337419845087012,1.0110960919217966
96,0.6697202967959613,0.8921444401969738,0.633324042269864,1.0243800537487895
97,0.666689888213287,0.8940008523019156,0.6271942005944007,1.0239229709217228
98,0.6712180849397904,0.8866966036595232,0.6303984370735503,1.0158033045296817
99,0.6674910306644031,0.8925071310638247,0.6230147654555508,1.04774888336044
100,0.6724372148086104,0.885821787193363,0.621203673100963,1.0646259790843295
101,0.6722282211340151,0.8849144175847482,0.6320702120200875,1.0163763346745796
102,0.6736911770160463,0.8816365502550749,0.6266369414083737,1.041674086113566
103,0.6720888919684824,0.8841472003372648,0.6398718274131263,0.9983675301689463
104,0.671984395120804,0.8751542545265155,0.6329061017208493,1.0355948556944268
105,0.672297885684601,0.8836101991155562,0.6177208110229256,1.081994862900567
106,0.6708697620581391,0.8865545789123914,0.6342992433874878,1.007414451886698
107,0.6715315754267692,0.8791149373778505,0.6210643604551394,1.0336706536946838
108,0.6759552753741076,0.8745240293503671,0.6341599302808034,1.0505558968204813
109,0.6737260092695395,0.8829061262966917,0.6216216196411664,1.0261868244593906
110,0.6763384304199769,0.8772457437545321,0.6388966259882622,1.0090897848311158
111,0.67578111393432,0.872965227306074,0.6362496483878991,1.012175843580482
112,0.6792991744935888,0.8742012929516098,0.6355530750198463,0.9994174048458178
113,0.6762339335868316,0.871734230546743,0.6170242365795312,1.0561442780740482
114,0.6789508516119376,0.8727194217974674,0.6219002480052181,1.032157747708645
115,0.677557560365615,0.8676648644918666,0.6427974326094401,1.0029133745689982
116,0.6738653383644826,0.8762883818499608,0.6354137608378204,1.0119542931158518
117,0.6772789021051392,0.8718543813629639,0.6348565018054136,1.0108727401064843
118,0.6768260824048759,0.8734264818078784,0.6338813006877899,1.0212900738433464
119,0.6796823295747529,0.8689728339947753,0.6251044829481656,1.0257590256400944
120,0.6787766902136734,0.8643393767112981,0.6358317038447586,1.025169364263102
121,0.6813542791708265,0.8684314304710435,0.6322095237441898,1.0159607452830088
122,0.6790205162123514,0.8637887506368056,0.6334633561446494,1.0099395851499027
123,0.6790205162185798,0.8655843796403336,0.6415436020524231,1.0156049614714593
124,0.6816329373752458,0.8638356961801702,0.6232933928978812,1.0566072491640897
125,0.6944512173509044,0.8323127865218299,0.6476734441887472,0.9745742468182573
126,0.7012435124790687,0.812766860331889,0.6497631627567035,0.9723666611405992
127,0.7001985440022843,0.8109226133669841,0.65380328540335,0.9699412951457131
128,0.7046222438582715,0.8013443004155284,0.6496238484210575,0.9704621606266376
129,0.7061548642991932,0.7999238531589259,0.6504597341276935,0.9701710579936037
130,0.7046919084379236,0.7986775825790919,0.6512956221386329,0.9690017148698729
131,0.709498763451893,0.799741423029549,0.6529673978532713,0.9661561949658639
132,0.7076178201666911,0.7983765853909208,0.6551964284525704,0.9661173147639048
133,0.7062245288913023,0.795297464227688,0.6504597350494149,0.9672311633518061
134,0.7117280295709942,0.7852582444014057,0.6535246565784376,0.9682466191114839
135,0.7142011216181839,0.7903365283169514,0.6574254625851346,0.9706181846943098
136,0.7052492249796369,0.7907959870868743,0.6543605432067949,0.9717530124273497
137,0.7089066146193156,0.7867183598643572,0.655893003049585,0.9691083021077913
138,0.7082099689618976,0.7891841916509953,0.6490665880060688,0.9789359712416363
139,0.7117280295211663,0.785803337821999,0.6507383661786306,0.969044452936379
140,0.7086627886434754,0.7821969352046202,0.6561716332570794,0.9677311547638214
141,0.7098470862982494,0.7874893702626573,0.6501811057636419,0.97606337009017
142,0.7054582186957554,0.7903577936426874,0.6517135660672925,0.9745451984639021
143,0.7060851997403027,0.7838505027896995,0.6528280810597017,0.9744152342228546
144,0.7095684280170119,0.7824320448072333,0.6521315110712936,0.9720889336055087
145,0.7063986903040996,0.786661889551077,0.6544998560062388,0.9717220150932824
146,0.7137483019033874,0.7777090713772605,0.6543605425923141,0.9761832717460456
147,0.7102650736827346,0.7794026631273202,0.6501811060708823,0.9781769412694518
148,0.7135044759254711,0.7761469060564379,0.6505990499995419,0.9742211556618976
149,0.7113100421242241,0.7832870722344363,0.6519921941241038,0.9775573641983504
150,0.7107527256240341,0.7772628538739516,0.6499024763242486,0.9736876712017453
151,0.7130168240111617,0.7801480675537578,0.6515742508099251,0.9705267778991424
152,0.7141314570675981,0.7747956499846121,0.654778486060113,0.973437138593074
153,0.7144449475400437,0.7745518443468924,0.6547784871354545,0.9734127423197952
154,0.7190079765553351,0.7685678176647518,0.6550571151922658,0.9726741925342796
155,0.7165000522671093,0.7713128197587202,0.6547784852920119,0.9715470475019868
156,0.7187989828745115,0.7695943150048952,0.654639171109986,0.971599883332695
157,0.7168135427748498,0.7707835025699988,0.6542212267204658,0.9714715129014143
158,0.7160124002697533,0.7682374304994121,0.655753687331357,0.9722011768326317
159,0.7150719286759423,0.7745084088089249,0.6536639696851219,0.9713917555882758
160,0.7185551569526516,0.7691667609410109,0.6539425980491737,0.9712951496704337
161,0.7153854191899113,0.771406221511849,0.6544998581569219,0.971409832079386
162,0.7156989097204896,0.7697524763502303,0.6539425985100343,0.971199487595214
163,0.7159775680079555,0.7741711983515794,0.6557536885603187,0.9708399831019726
164,0.7163955553986693,0.7699582485857169,0.6540819137674017,0.9705422579013195
165,0.7137831341859469,0.766958884063603,0.6542212273349467,0.9702610241383621
166,0.7150022641108233,0.7698484668330076,0.6536639693778815,0.9710473043402446
167,0.7166045490587313,0.7673155937749078,0.65408191253844,0.9711379456458632
168,0.7150022640693,0.7684225146559289,0.6551964296815321,0.9711327632677924
169,0.7170573687465376,0.7651510368220971,0.654639171724467,0.9711270965251726
170,0.7175450206878371,0.7645476696890613,0.6543605427459344,0.9704294505807542
171,0.7115887004116901,0.7721258253923151,0.654639171109986,0.9712035376386544
172,0.7139572956402676,0.7705311354846224,0.6535246548886152,0.9708021307728955
173,0.7155247483409108,0.768069250617947,0.6544998575424411,0.9709046900886851
174,0.715768574291837,0.7701016299390482,0.6544998575424411,0.9700829140918771
175,0.7155944128998013,0.7657323275586065,0.6549178007029995,0.9707656859122601
176,0.7155595805964802,0.7703366544977567,0.6543605430531747,0.9706793178602592
177,0.7163258908127886,0.7693705322509184,0.6543605424386939,0.9713988319500205
178,0.7151067609169784,0.7687641807872926,0.6554750589673052,0.9711108198485423
179,0.7160472325876076,0.7658220747740542,0.6536639699923623,0.9711319002294049
180,0.7175798529849298,0.7649929821335529,0.6546391714172265,0.9709203553568456
181,0.7147584380893075,0.7680753432968168,0.6543605427459344,0.9711939102595615
182,0.717545020723132,0.7691434319604215,0.6543605430531747,0.9708339132598995
183,0.7202619387980659,0.7668450664334538,0.6536639699923623,0.9711187739962155
184,0.7152460901095014,0.7665406368033648,0.6547784868282142,0.9707167022621509
185,0.7184854923584663,0.7715173591586331,0.6542212285639084,0.9707415610859075
186,0.7177888467155814,0.7641276924325039,0.6549178013174805,0.9706182261717688
187,0.7136786373943249,0.7742109802799118,0.6547784868282142,0.9708600984406226
188,0.7155595806027086,0.7687313339711813,0.6544998572352007,0.970958665474174
189,0.7142707861625412,0.7711524046523315,0.6540819140746421,0.9709815161744344
190,0.715455083740497,0.7724648786855925,0.6543605424386939,0.970929928815242
191,0.717440523881682,0.7658769661860596,0.6546391720317074,0.9708639288071504
192,0.7195304608227936,0.7647630036938149,0.6535246558103365,0.9706562889605453
193,0.7132258177210518,0.7719243099549218,0.6542212285639084,0.9707001478401656
