Determining if the pthread_create exist failed with the following output:
Change Dir: /data/kushashwa/learnopencv/ImageMetrics/C++/CMakeFiles/CMakeTmp

Run Build Command:"/usr/bin/make" "cmTC_c2509/fast"
/usr/bin/make -f CMakeFiles/cmTC_c2509.dir/build.make CMakeFiles/cmTC_c2509.dir/build
make[1]: Entering directory '/data/kushashwa/learnopencv/ImageMetrics/C++/CMakeFiles/CMakeTmp'
Building C object CMakeFiles/cmTC_c2509.dir/CheckSymbolExists.c.o
/usr/bin/cc    -fPIC    -o CMakeFiles/cmTC_c2509.dir/CheckSymbolExists.c.o   -c /data/kushashwa/learnopencv/ImageMetrics/C++/CMakeFiles/CMakeTmp/CheckSymbolExists.c
Linking C executable cmTC_c2509
/usr/bin/cmake -E cmake_link_script CMakeFiles/cmTC_c2509.dir/link.txt --verbose=1
/usr/bin/cc  -fPIC     CMakeFiles/cmTC_c2509.dir/CheckSymbolExists.c.o  -o cmTC_c2509 -rdynamic 
CMakeFiles/cmTC_c2509.dir/CheckSymbolExists.c.o: In function `main':
CheckSymbolExists.c:(.text+0x1b): undefined reference to `pthread_create'
collect2: error: ld returned 1 exit status
CMakeFiles/cmTC_c2509.dir/build.make:97: recipe for target 'cmTC_c2509' failed
make[1]: *** [cmTC_c2509] Error 1
make[1]: Leaving directory '/data/kushashwa/learnopencv/ImageMetrics/C++/CMakeFiles/CMakeTmp'
Makefile:126: recipe for target 'cmTC_c2509/fast' failed
make: *** [cmTC_c2509/fast] Error 2

File /data/kushashwa/learnopencv/ImageMetrics/C++/CMakeFiles/CMakeTmp/CheckSymbolExists.c:
/* */
#include <pthread.h>

int main(int argc, char** argv)
{
  (void)argv;
#ifndef pthread_create
  return ((int*)(&pthread_create))[argc];
#else
  (void)argc;
  return 0;
#endif
}

Determining if the function pthread_create exists in the pthreads failed with the following output:
Change Dir: /data/kushashwa/learnopencv/ImageMetrics/C++/CMakeFiles/CMakeTmp

Run Build Command:"/usr/bin/make" "cmTC_f64e8/fast"
/usr/bin/make -f CMakeFiles/cmTC_f64e8.dir/build.make CMakeFiles/cmTC_f64e8.dir/build
make[1]: Entering directory '/data/kushashwa/learnopencv/ImageMetrics/C++/CMakeFiles/CMakeTmp'
Building C object CMakeFiles/cmTC_f64e8.dir/CheckFunctionExists.c.o
/usr/bin/cc    -fPIC -DCHECK_FUNCTION_EXISTS=pthread_create   -o CMakeFiles/cmTC_f64e8.dir/CheckFunctionExists.c.o   -c /usr/share/cmake-3.5/Modules/CheckFunctionExists.c
Linking C executable cmTC_f64e8
/usr/bin/cmake -E cmake_link_script CMakeFiles/cmTC_f64e8.dir/link.txt --verbose=1
/usr/bin/cc  -fPIC -DCHECK_FUNCTION_EXISTS=pthread_create    CMakeFiles/cmTC_f64e8.dir/CheckFunctionExists.c.o  -o cmTC_f64e8 -rdynamic -lpthreads 
/usr/bin/ld: cannot find -lpthreads
collect2: error: ld returned 1 exit status
CMakeFiles/cmTC_f64e8.dir/build.make:97: recipe for target 'cmTC_f64e8' failed
make[1]: *** [cmTC_f64e8] Error 1
make[1]: Leaving directory '/data/kushashwa/learnopencv/ImageMetrics/C++/CMakeFiles/CMakeTmp'
Makefile:126: recipe for target 'cmTC_f64e8/fast' failed
make: *** [cmTC_f64e8/fast] Error 2


